0 verbose cli C:\Program Files\nodejs\node.exe C:\Program Files\nodejs\node_modules\npm\bin\npm-cli.js
1 info using npm@10.9.2
2 info using node@v22.15.1
3 silly config load:file:C:\Program Files\nodejs\node_modules\npm\npmrc
4 silly config load:file:C:\project\SHOTDECK\backend\.npmrc
5 silly config load:file:C:\Users\rakib\.npmrc
6 silly config load:file:C:\Program Files\nodejs\npm-global\etc\npmrc
7 verbose title npm run deav
8 verbose argv "run" "deav"
9 verbose logfile logs-max:10 dir:C:\project\SHOTDECK\backend\UsersmynameAppDataRoamingnpm-cache\_logs\2025-05-22T10_01_46_435Z-
10 verbose logfile C:\project\SHOTDECK\backend\UsersmynameAppDataRoamingnpm-cache\_logs\2025-05-22T10_01_46_435Z-debug-0.log
11 silly logfile done cleaning log files
12 verbose stack Error: Missing script: "deav"
12 verbose stack
12 verbose stack Did you mean this?
12 verbose stack   npm run dev # run the "dev" package script
12 verbose stack
12 verbose stack To see a list of scripts, run:
12 verbose stack   npm run
12 verbose stack     at #run (C:\Program Files\nodejs\node_modules\npm\lib\commands\run-script.js:111:13)
12 verbose stack     at async RunScript.exec (C:\Program Files\nodejs\node_modules\npm\lib\commands\run-script.js:40:7)
12 verbose stack     at async Npm.exec (C:\Program Files\nodejs\node_modules\npm\lib\npm.js:207:9)
12 verbose stack     at async module.exports (C:\Program Files\nodejs\node_modules\npm\lib\cli\entry.js:74:5)
13 error Missing script: "deav"
13 error
13 error Did you mean this?
13 error   npm run dev # run the "dev" package script
13 error
13 error To see a list of scripts, run:
13 error   npm run
14 verbose cwd C:\project\SHOTDECK\backend
15 verbose os Windows_NT 10.0.26100
16 verbose node v22.15.1
17 verbose npm  v10.9.2
18 verbose exit 1
19 verbose code 1
20 error A complete log of this run can be found in: C:\project\SHOTDECK\backend\UsersmynameAppDataRoamingnpm-cache\_logs\2025-05-22T10_01_46_435Z-debug-0.log
